2019-12-20 17:09:49 begin
2019-12-20 17:10:34 change tronlink.ipa
IOS version 3.3.0 , ios commit ide2da5321
2019-12-20 18:28:16 change tronlink.ipa
Andorid verison 3.3.1 , android commit id 72ef2938
2019-12-23 12:05:26 change tronlink.apk
Andorid verison 3.3.1 , android commit id 72ef2938
2019-12-23 12:10:01 change tronlink.apk

2019-12-23 14:36:44 change tronlink.ipa

2019-12-23 15:52:55 change tronlink.ipa
Andorid verison 3.3.1 , android commit id 72ef2938
2019-12-23 16:02:22 change tronlink.apk
Andorid verison 3.3.1 , android commit id 72ef2938
2019-12-24 11:16:07 change tronlink.apk
IOS version 3.3.0 , ios commit idc4f23bfc
2019-12-24 11:18:16 change tronlink.ipa
Andorid verison 3.3.1 , android commit id 72ef2938
2019-12-24 11:23:03 change tronlink.apk
Andorid verison 3.3.1 , android commit id 72ef2938
2019-12-24 11:31:49 change tronlink.apk
Andorid verison 3.3.1 , android commit id 72ef2938
2019-12-24 11:32:04 change tronlink.apk
IOS version 3.3.0 , ios commit idc4f23bfc
2019-12-24 11:43:41 change tronlink.ipa
IOS version 3.3.0 , ios commit idc4f23bfc
2019-12-24 11:45:22 change tronlink.ipa
Andorid verison 3.3.1 , android commit id 72ef2938
2019-12-24 17:35:22 change tronlink.apk
IOS version 3.3.0 , ios commit idc56b8519
2019-12-24 17:42:07 change tronlink.ipa
Andorid verison 3.3.1 , android commit id 72ef2938
2019-12-24 18:00:40 change tronlink.apk
IOS version 3.3.0 , ios commit idc56b8519
2019-12-24 18:36:41 change tronlink.ipa
Andorid verison 3.3.1 , android commit id 72ef2938
2019-12-24 20:00:40 change tronlink.apk
IOS version 3.3.0 , ios commit idc56b8519
2019-12-24 20:36:41 change tronlink.ipa
Andorid verison 3.3.1 , android commit id 72ef2938
2019-12-24 22:00:40 change tronlink.apk
IOS version 3.3.0 , ios commit idc56b8519
2019-12-24 22:36:41 change tronlink.ipa
Andorid verison 3.3.1 , android commit id 72ef2938
2019-12-25 00:00:40 change tronlink.apk
IOS version 3.3.0 , ios commit idc56b8519
2019-12-25 00:36:41 change tronlink.ipa
Andorid verison 3.3.1 , android commit id 72ef2938
2019-12-25 02:00:41 change tronlink.apk
IOS version 3.3.0 , ios commit idc56b8519
2019-12-25 02:36:41 change tronlink.ipa
Andorid verison 3.3.1 , android commit id 72ef2938
2019-12-25 04:00:41 change tronlink.apk
Andorid verison 3.3.1 , android commit id 72ef2938
2019-12-25 10:43:10 change tronlink.apk
IOS version 3.3.0 , ios commit idc56b8519
2019-12-25 10:43:11 change tronlink.ipa
IOS version 3.3.0 , ios commit idc56b8519
2019-12-25 10:43:15 change tronlink.ipa
Andorid verison 3.3.1 , android commit id 72ef2938
2019-12-25 10:43:20 change tronlink.apk
Andorid verison 3.3.1 , android commit id 72ef2938
2019-12-25 12:00:10 change tronlink.apk
IOS version 3.3.0 , ios commit id5582cf66
2019-12-25 12:47:54 change tronlink.ipa
Andorid verison 3.3.1 , android commit id 72ef2938
2019-12-25 14:00:10 change tronlink.apk
